2025-05-13 15:35:26,095 : ERROR : Thread-4596 :  : KnimeBrowserView :  :  : %cerror%c RPC Client:: Error RPC request 
      background: #c0392b;
      border-radius: 0.5em;
      color: white;
      font-weight: bold;
      padding: 2px 0.5em;
      Error: The item with id 'root' is not a workflow group (source: http://org.knime.ui.java/assets/index-CnUbjqw_.js; line: 87)
2025-05-13 15:35:26,108 : ERROR : Thread-4615 :  : KnimeBrowserView :  :  : %cerror%c RPC Client:: Error RPC request 
      background: #c0392b;
      border-radius: 0.5em;
      color: white;
      font-weight: bold;
      padding: 2px 0.5em;
      Error: The item with id 'root' is not a workflow group (source: http://org.knime.ui.java/assets/index-CnUbjqw_.js; line: 87)
2025-05-13 15:35:26,109 : ERROR : Thread-4617 :  : KnimeBrowserView :  :  : %cerror%c Error trying to fetch workflow group content 
      background: #c0392b;
      border-radius: 0.5em;
      color: white;
      font-weight: bold;
      padding: 2px 0.5em;
      [object Object] (source: http://org.knime.ui.java/assets/index-CnUbjqw_.js; line: 87)
2025-05-13 15:35:26,110 : ERROR : Thread-4619 :  : KnimeBrowserView :  :  : %cerror%c Error captured hook ::  
      background: #c0392b;
      border-radius: 0.5em;
      color: white;
      font-weight: bold;
      padding: 2px 0.5em;
      [object Object] (source: http://org.knime.ui.java/assets/index-CnUbjqw_.js; line: 87)
2025-05-13 16:10:03,732 : ERROR : Thread-1336 :  : KnimeBrowserView :  :  : %cerror%c RPC Client:: Error RPC request 
      background: #c0392b;
      border-radius: 0.5em;
      color: white;
      font-weight: bold;
      padding: 2px 0.5em;
      Error: The item with id 'root' is not a workflow group (source: http://org.knime.ui.java/assets/index-CnUbjqw_.js; line: 87)
2025-05-13 16:10:03,741 : ERROR : Thread-1351 :  : KnimeBrowserView :  :  : %cerror%c RPC Client:: Error RPC request 
      background: #c0392b;
      border-radius: 0.5em;
      color: white;
      font-weight: bold;
      padding: 2px 0.5em;
      Error: The item with id 'root' is not a workflow group (source: http://org.knime.ui.java/assets/index-CnUbjqw_.js; line: 87)
2025-05-13 16:10:03,741 : ERROR : Thread-1353 :  : KnimeBrowserView :  :  : %cerror%c Error trying to fetch workflow group content 
      background: #c0392b;
      border-radius: 0.5em;
      color: white;
      font-weight: bold;
      padding: 2px 0.5em;
      [object Object] (source: http://org.knime.ui.java/assets/index-CnUbjqw_.js; line: 87)
2025-05-13 16:10:03,742 : ERROR : Thread-1355 :  : KnimeBrowserView :  :  : %cerror%c Error captured hook ::  
      background: #c0392b;
      border-radius: 0.5em;
      color: white;
      font-weight: bold;
      padding: 2px 0.5em;
      [object Object] (source: http://org.knime.ui.java/assets/index-CnUbjqw_.js; line: 87)
2025-05-13 16:10:17,683 : WARN  : Thread-1834 :  : OAuthAuthenticator :  :  : Could not stop OAuth redirect listener: null
java.lang.InterruptedException
	at java.base/java.util.concurrent.locks.AbstractQueuedSynchronizer.acquireSharedInterruptibly(Unknown Source)
	at java.base/java.util.concurrent.CountDownLatch.await(Unknown Source)
	at org.eclipse.jetty.io.ManagedSelector.doStop(ManagedSelector.java:137)
	at org.eclipse.jetty.util.component.AbstractLifeCycle.stop(AbstractLifeCycle.java:132)
	at org.eclipse.jetty.util.component.ContainerLifeCycle.stop(ContainerLifeCycle.java:182)
	at org.eclipse.jetty.util.component.ContainerLifeCycle.doStop(ContainerLifeCycle.java:205)
	at org.eclipse.jetty.io.SelectorManager.doStop(SelectorManager.java:280)
	at org.eclipse.jetty.util.component.AbstractLifeCycle.stop(AbstractLifeCycle.java:132)
	at org.eclipse.jetty.util.component.ContainerLifeCycle.stop(ContainerLifeCycle.java:182)
	at org.eclipse.jetty.util.component.ContainerLifeCycle.doStop(ContainerLifeCycle.java:205)
	at org.eclipse.jetty.server.AbstractConnector.doStop(AbstractConnector.java:375)
	at org.eclipse.jetty.server.AbstractNetworkConnector.doStop(AbstractNetworkConnector.java:82)
	at org.eclipse.jetty.server.ServerConnector.doStop(ServerConnector.java:241)
	at org.eclipse.jetty.util.component.AbstractLifeCycle.stop(AbstractLifeCycle.java:132)
	at org.eclipse.jetty.server.Server.doStop(Server.java:658)
	at org.eclipse.jetty.util.component.AbstractLifeCycle.stop(AbstractLifeCycle.java:132)
	at com.knime.explorer.server.rest.OAuthAuthenticator.stopServer(OAuthAuthenticator.java:733)
	at com.knime.explorer.server.rest.OAuthAuthenticator.login(OAuthAuthenticator.java:599)
	at com.knime.explorer.server.rest.OAuthLoginDialog.lambda$0(OAuthLoginDialog.java:179)
	at java.base/java.lang.Thread.run(Unknown Source)
